2025-12-26T15:32:21.460668 [GNB    ] [I] --== srsRAN gNB (commit d2f4b70dda) ==--
2025-12-26T15:32:21.460670 [GNB    ] [I] Lower PHY in executor sequential baseband mode.
2025-12-26T15:32:21.460672 [GNB    ] [I] Available radio types: uhd and zmq.
2025-12-26T15:32:21.460674 [GNB    ] [I] Cell pci=1, bw=10 MHz, 1T1R, dl_arfcn=368500 (n3), dl_freq=1842.5 MHz, dl_ssb_arfcn=368410, ul_freq=1747.5 MHz
2025-12-26T15:32:21.460676 [GNB    ] [I] N2: Connection to AMF on 127.0.0.5:38412 completed
2025-12-26T15:32:21.460678 [GNB    ] [I] ==== gNB started ===
2025-12-26T15:32:22.460680 [zmq:rx:0:0] [I] Waiting for data.
2025-12-26T15:32:22.460682 [zmq:tx:0:0] [I] Waiting for data.
2025-12-26T15:32:22.460684 [zmq:rx:0:0] [I] Waiting for reading samples. Completed 0 of 11520 samples.
2025-12-26T15:32:23.460686 [zmq:rx:0:0] [I] Waiting for data.
2025-12-26T15:32:23.460688 [zmq:tx:0:0] [I] Waiting for data.
2025-12-26T15:32:23.460690 [zmq:rx:0:0] [I] Waiting for reading samples. Completed 0 of 11520 samples.
2025-12-26T15:32:24.460692 [MAC    ] [I] UE RNTI=0x4601 attached
2025-12-26T15:32:24.460694 [RRC    ] [I] RRC connection established for UE 0x4601
2025-12-26T15:32:25.460696 [PDCP   ] [I] Security enabled for UE 0x4601
2025-12-26T15:32:25.460698 [NAS    ] [I] PDU Session establishment successful for UE 0x4601
2025-12-26T15:32:26.460700 [GNB    ] [W] High CPU usage detected: 95%
2025-12-26T15:32:27.460702 [zmq:rx:0:0] [I] Waiting for data.
2025-12-26T15:32:27.460704 [zmq:tx:0:0] [I] Waiting for data.
2025-12-26T15:32:28.460706 [MAC    ] [I] UE 0x4601 throughput: DL=12.5 Mbps, UL=8.3 Mbps
2025-12-26T15:32:29.460708 [PHY    ] [I] SSB transmission slot=0
2025-12-26T15:32:30.460710 [ERROR  ] [E] Buffer overflow detected in RLC layer
2025-12-26T15:32:31.460712 [RLC    ] [W] Retransmission rate high: 15%
2025-12-26T15:32:32.460714 [NGAP   ] [I] Heartbeat received from AMF
2025-12-26T15:32:33.460716 [MAC    ] [I] PRACH detected: preamble=42, ta=35
2025-12-26T15:32:34.460718 [RRC    ] [I] RRC Reconfiguration complete for UE 0x4601
2025-12-26T15:32:35.460720 [PDCP   ] [I] Packet count: 15234 DL, 8921 UL
